SF:lib/atoms/button.dart
DA:15,9
DA:26,8
DA:27,8
DA:36,8
DA:38,8
DA:39,16
DA:42,12
DA:43,4
DA:44,8
DA:45,4
DA:46,8
DA:47,12
DA:49,4
DA:50,8
DA:51,4
DA:56,24
DA:57,8
DA:58,8
DA:63,24
DA:64,8
DA:65,16
DA:66,8
DA:74,17
DA:77,8
DA:79,16
DA:80,17
DA:81,8
DA:84,8
DA:86,16
DA:87,8
DA:88,8
DA:89,8
DA:90,8
DA:91,26
DA:92,8
DA:93,16
DA:94,8
DA:95,8
DA:96,16
DA:97,16
DA:102,16
DA:103,4
DA:104,4
DA:105,8
DA:106,4
DA:108,8
DA:112,8
DA:114,16
DA:117,8
DA:118,8
DA:119,8
DA:120,16
DA:126,16
DA:127,1
DA:128,1
DA:129,1
DA:130,1
DA:131,5
DA:132,1
DA:134,2
LF:60
LH:60
end_of_record
SF:lib/atoms/icon.dart
DA:14,96
DA:24,11
DA:26,11
DA:27,11
DA:28,11
DA:29,11
DA:30,11
DA:31,1
DA:32,1
DA:33,1
DA:40,11
DA:42,11
DA:43,11
DA:44,11
DA:45,11
LF:15
LH:15
end_of_record
SF:lib/atoms/dropdownbutton.dart
DA:8,1
DA:15,1
DA:16,1
DA:22,1
DA:24,1
DA:25,2
DA:26,1
DA:27,1
DA:28,2
DA:29,1
DA:30,4
DA:33,4
DA:34,1
DA:38,1
LF:14
LH:14
end_of_record
SF:lib/atoms/input.dart
DA:11,5
DA:19,5
DA:20,5
DA:26,5
DA:28,5
DA:29,15
DA:32,5
DA:34,5
DA:35,10
DA:36,5
DA:37,5
DA:38,10
DA:39,10
DA:40,10
DA:41,10
DA:42,2
DA:43,2
DA:44,2
DA:46,4
DA:47,0
DA:48,0
DA:49,0
DA:54,5
DA:55,15
DA:57,5
DA:58,15
DA:60,5
DA:61,15
DA:63,15
DA:65,10
DA:66,15
LF:31
LH:28
end_of_record
SF:lib/atoms/process_button.dart
DA:14,2
DA:24,2
DA:25,2
DA:36,2
DA:38,2
DA:39,4
DA:43,6
DA:44,2
DA:45,2
DA:49,6
DA:50,2
DA:51,3
DA:54,4
DA:55,6
DA:56,2
DA:59,2
DA:61,4
DA:62,2
DA:65,2
DA:66,4
DA:67,12
DA:68,2
DA:69,4
DA:71,2
DA:72,2
DA:78,2
DA:80,4
DA:81,2
DA:82,2
DA:83,2
DA:85,2
DA:86,2
DA:87,2
DA:88,2
DA:89,2
DA:90,10
DA:91,2
DA:92,10
DA:102,2
DA:103,2
DA:104,2
DA:105,2
DA:106,12
DA:107,2
DA:108,8
DA:109,2
DA:110,4
DA:118,2
DA:119,2
DA:120,2
DA:121,2
DA:127,8
DA:128,2
DA:131,2
DA:132,2
DA:137,2
DA:138,4
DA:139,2
DA:140,8
DA:141,2
DA:142,8
DA:154,2
DA:156,2
DA:157,2
DA:159,6
DA:160,0
DA:161,4
DA:163,2
DA:164,1
DA:165,4
DA:166,3
DA:169,2
DA:180,2
DA:182,2
DA:183,2
DA:184,4
DA:185,4
DA:186,6
DA:187,2
DA:188,6
DA:191,2
DA:201,2
DA:203,2
DA:204,2
DA:206,6
DA:207,0
DA:208,4
DA:210,2
DA:211,1
DA:212,4
DA:213,3
DA:216,2
LF:92
LH:90
end_of_record
SF:lib/atoms/support.dart
DA:12,4
DA:15,3
DA:17,3
DA:18,3
DA:19,3
DA:24,3
DA:25,6
DA:26,6
DA:27,2
DA:28,6
DA:29,4
DA:30,2
DA:32,2
DA:33,2
LF:14
LH:14
end_of_record
SF:lib/atoms/text.dart
DA:17,186
DA:27,11
DA:30,14
DA:32,14
DA:33,10
DA:34,10
DA:35,20
DA:37,20
DA:40,10
DA:42,14
DA:43,0
DA:44,0
DA:45,0
DA:46,0
DA:50,14
DA:51,14
DA:53,14
LF:17
LH:13
end_of_record
SF:lib/data/cart_data.dart
DA:7,1
LF:1
LH:1
end_of_record
SF:lib/data/category_data.dart
DA:6,1
DA:7,0
DA:9,0
DA:12,0
DA:13,0
DA:14,0
DA:19,0
DA:24,0
DA:30,0
DA:31,0
DA:36,0
DA:41,0
DA:47,0
DA:48,0
DA:53,0
DA:58,0
DA:64,0
DA:65,0
DA:70,0
DA:75,0
DA:80,0
LF:21
LH:1
end_of_record
SF:lib/data/product_dart.dart
DA:9,2
DA:17,3
LF:2
LH:2
end_of_record
SF:lib/data/item_data.dart
DA:7,1
DA:9,2
LF:2
LH:2
end_of_record
SF:lib/molecules/product_card.dart
DA:15,65
DA:27,3
DA:29,6
DA:30,3
DA:32,6
DA:33,3
DA:35,3
DA:36,3
DA:38,3
DA:39,6
DA:41,3
DA:43,3
DA:44,3
DA:46,3
DA:47,3
DA:48,3
DA:49,3
DA:51,3
DA:53,3
DA:55,3
DA:56,3
DA:59,3
DA:60,6
DA:65,6
DA:70,9
DA:79,3
DA:81,3
DA:89,3
DA:90,6
DA:91,3
DA:92,3
DA:93,3
DA:94,3
DA:99,3
DA:100,3
DA:101,3
DA:102,0
DA:103,0
DA:105,0
LF:39
LH:36
end_of_record
SF:lib/data/support_data.dart
DA:1,0
LF:1
LH:0
end_of_record
SF:lib/data/tab_category_data.dart
DA:8,1
DA:14,2
DA:15,1
DA:17,1
DA:18,1
LF:5
LH:5
end_of_record
SF:lib/molecules/appbar.dart
DA:10,3
DA:13,3
DA:15,3
DA:19,3
DA:21,3
DA:22,3
DA:24,3
DA:25,3
DA:26,3
DA:28,3
DA:29,3
DA:30,3
DA:31,3
DA:34,3
DA:41,3
DA:43,3
DA:44,3
DA:45,3
DA:47,3
DA:48,3
DA:51,3
DA:57,3
DA:59,3
DA:61,3
DA:62,3
DA:64,3
DA:65,3
DA:66,3
DA:68,3
DA:69,3
DA:70,3
DA:71,3
DA:74,3
DA:81,3
DA:84,3
LF:35
LH:35
end_of_record
SF:lib/molecules/carousel.dart
DA:10,2
DA:16,2
DA:17,2
DA:23,2
DA:25,2
DA:26,2
DA:27,2
DA:28,4
DA:29,2
DA:30,6
DA:31,0
DA:32,0
DA:33,0
DA:36,2
DA:37,2
DA:39,6
DA:44,2
DA:46,2
DA:47,6
DA:48,4
DA:55,2
DA:56,2
DA:60,2
DA:62,4
LF:24
LH:21
end_of_record
SF:lib/molecules/category_card.dart
DA:8,2
DA:15,2
DA:17,2
DA:18,2
DA:19,2
DA:21,2
DA:22,2
DA:23,2
DA:25,2
DA:26,2
DA:27,2
DA:28,2
DA:30,2
LF:13
LH:13
end_of_record
SF:lib/molecules/category_item.dart
DA:8,2
DA:15,2
DA:17,2
DA:18,2
DA:19,2
DA:21,2
DA:22,2
DA:23,2
DA:25,2
LF:9
LH:9
end_of_record
SF:lib/molecules/menu.dart
DA:16,4
DA:27,4
DA:28,4
DA:37,4
DA:39,8
DA:44,12
DA:45,4
DA:46,4
DA:50,4
DA:53,4
DA:55,8
DA:56,4
DA:59,4
DA:61,8
DA:63,4
DA:65,4
DA:66,4
DA:70,4
DA:71,4
DA:72,4
DA:73,4
DA:74,12
DA:75,4
DA:84,4
DA:85,4
DA:86,4
DA:87,4
DA:88,8
DA:89,4
DA:92,4
DA:93,4
DA:96,4
DA:104,4
DA:106,4
DA:123,8
DA:124,3
DA:125,6
DA:126,3
DA:133,1
DA:134,2
DA:135,1
DA:145,4
DA:146,8
DA:147,4
DA:157,4
DA:158,8
DA:159,4
DA:170,4
DA:172,12
DA:173,8
DA:174,4
DA:176,8
DA:177,4
DA:178,2
DA:179,4
DA:180,4
DA:181,8
DA:182,2
DA:183,4
DA:185,2
DA:189,4
DA:192,4
DA:193,4
DA:196,4
DA:197,4
DA:198,4
DA:199,4
DA:201,4
LF:68
LH:68
end_of_record
SF:lib/molecules/navigation.dart
DA:8,0
DA:15,0
DA:17,0
DA:18,0
DA:19,0
DA:20,0
LF:6
LH:0
end_of_record
SF:lib/molecules/promotion_card.dart
DA:12,31
DA:19,2
DA:21,2
DA:23,2
DA:24,2
DA:25,2
DA:26,2
DA:28,2
DA:29,2
DA:30,2
DA:31,2
DA:32,2
DA:33,2
DA:34,2
DA:40,2
DA:43,2
DA:44,0
DA:45,0
DA:54,2
DA:56,2
DA:59,2
DA:60,2
DA:61,2
DA:62,2
DA:65,2
DA:66,6
DA:73,2
DA:76,2
DA:77,2
DA:79,2
DA:82,0
LF:31
LH:28
end_of_record
SF:lib/molecules/search_bar.dart
DA:12,1
DA:19,1
DA:21,1
DA:22,1
DA:23,1
DA:24,1
DA:25,1
DA:30,1
DA:31,1
LF:9
LH:9
end_of_record
SF:lib/molecules/tile_card.dart
DA:14,3
DA:22,3
DA:24,3
DA:25,3
DA:26,3
DA:28,3
DA:29,3
DA:30,3
DA:38,3
DA:39,3
DA:40,3
DA:41,3
DA:42,3
DA:49,3
DA:50,0
DA:53,0
DA:55,0
DA:56,0
DA:57,0
DA:63,3
DA:64,3
DA:65,6
DA:72,3
DA:73,3
DA:81,3
LF:25
LH:20
end_of_record
SF:lib/organisms/cart_summary.dart
DA:12,1
DA:18,1
DA:19,1
DA:23,0
DA:24,0
DA:25,0
DA:29,0
DA:30,0
DA:31,0
DA:32,0
DA:37,0
DA:38,0
DA:39,0
DA:43,1
DA:46,8
DA:47,2
DA:49,1
DA:50,2
DA:51,1
DA:52,1
DA:53,1
DA:54,1
DA:55,1
DA:57,3
DA:58,1
DA:59,3
DA:60,1
DA:61,2
DA:63,1
DA:69,0
DA:70,0
DA:71,0
DA:74,1
DA:75,2
DA:76,0
DA:79,0
DA:82,0
DA:83,0
DA:84,0
DA:85,0
DA:92,0
DA:94,0
DA:95,0
DA:96,0
DA:97,0
DA:104,2
DA:105,3
DA:106,1
DA:108,1
DA:109,1
DA:111,0
DA:113,3
DA:114,1
DA:116,0
DA:119,1
DA:121,5
DA:130,1
DA:132,1
DA:134,1
DA:135,1
DA:136,2
DA:142,1
DA:143,2
DA:145,2
LF:64
LH:38
end_of_record
SF:lib/organisms/login_form.dart
DA:14,2
DA:24,2
DA:26,2
DA:27,2
DA:28,2
DA:30,2
DA:31,2
DA:34,2
DA:36,2
DA:38,2
DA:41,2
DA:43,2
DA:44,2
DA:45,2
LF:14
LH:14
end_of_record
SF:lib/organisms/product_detail.dart
DA:10,2
DA:18,2
DA:20,4
DA:21,2
DA:24,2
DA:28,2
DA:29,0
DA:32,0
DA:34,0
DA:35,0
DA:36,0
DA:37,0
DA:44,0
DA:45,0
DA:46,0
DA:47,0
DA:58,2
DA:59,2
DA:61,2
DA:62,6
DA:71,2
DA:73,2
DA:74,2
DA:81,2
DA:82,6
DA:84,4
LF:26
LH:16
end_of_record
SF:lib/organisms/product_list.dart
DA:11,2
DA:20,2
DA:21,2
DA:28,2
DA:30,2
DA:31,1
DA:32,1
DA:33,2
DA:34,3
DA:35,1
DA:36,2
DA:37,3
DA:39,2
DA:40,1
DA:41,2
DA:42,3
DA:47,2
DA:48,2
DA:49,2
DA:50,6
DA:51,2
DA:55,4
DA:56,6
DA:59,2
DA:60,4
DA:61,6
DA:63,0
DA:66,2
DA:67,6
DA:68,2
DA:69,2
DA:70,1
DA:71,2
DA:72,4
DA:73,2
DA:74,3
DA:78,2
DA:79,2
DA:80,2
DA:81,2
DA:82,2
DA:83,2
DA:84,2
DA:85,2
LF:44
LH:43
end_of_record
SF:lib/organisms/register_form.dart
DA:19,2
DA:33,2
DA:35,2
DA:36,2
DA:37,2
DA:39,2
DA:40,2
DA:43,2
DA:45,2
DA:46,2
DA:49,2
DA:51,2
DA:52,2
DA:55,2
DA:57,2
DA:58,2
DA:61,2
DA:63,2
DA:64,2
DA:67,2
DA:69,2
DA:70,2
DA:74,2
DA:76,2
DA:78,2
DA:79,6
DA:80,0
DA:81,0
DA:82,0
DA:83,0
DA:84,0
LF:31
LH:26
end_of_record
SF:lib/organisms/synchronous_tab_bar.dart
DA:17,2
DA:19,2
DA:20,2
DA:25,4
DA:27,2
DA:29,8
DA:30,2
DA:33,2
DA:35,4
DA:36,2
DA:39,2
DA:41,4
DA:42,2
DA:43,2
DA:44,2
DA:45,2
DA:46,2
DA:50,2
DA:52,2
DA:53,2
DA:54,4
DA:57,4
DA:60,4
DA:61,4
DA:62,2
DA:63,1
DA:66,2
DA:68,2
DA:69,2
DA:72,2
DA:74,4
DA:75,6
DA:76,1
DA:77,2
DA:78,0
DA:80,3
DA:81,1
DA:82,1
DA:86,1
DA:87,2
DA:93,1
DA:96,1
DA:97,2
DA:99,2
DA:101,0
DA:102,0
LF:46
LH:43
end_of_record
SF:lib/templates/login_template.dart
DA:12,1
DA:21,1
DA:23,2
DA:25,1
DA:27,1
DA:28,1
DA:29,3
DA:31,1
DA:32,1
DA:33,1
DA:34,1
DA:35,1
DA:36,1
DA:37,2
DA:39,1
DA:41,1
DA:46,1
DA:49,1
DA:50,1
DA:51,2
DA:62,1
DA:65,1
DA:66,1
DA:69,1
DA:70,1
DA:71,2
DA:73,1
DA:74,1
DA:75,1
DA:78,3
DA:79,0
DA:81,0
DA:82,0
DA:83,0
DA:84,0
DA:85,0
DA:90,1
DA:91,2
DA:93,1
DA:94,1
DA:95,1
DA:132,0
DA:133,0
LF:43
LH:35
end_of_record
SF:lib/templates/register_template.dart
DA:11,1
DA:23,1
DA:25,2
DA:27,1
DA:29,1
DA:35,1
DA:36,1
DA:37,1
DA:38,1
DA:39,1
DA:40,2
DA:42,1
DA:43,1
DA:45,1
DA:51,1
DA:52,1
DA:54,1
DA:55,1
DA:56,1
DA:57,1
DA:58,1
DA:59,1
DA:60,1
DA:61,1
DA:64,3
DA:65,0
DA:66,0
DA:67,0
DA:68,0
DA:69,0
DA:71,0
DA:72,0
DA:73,0
DA:74,0
DA:75,0
DA:76,0
DA:77,0
DA:78,0
DA:79,0
LF:39
LH:25
end_of_record
SF:lib/templates/home_template.dart
DA:19,1
DA:34,1
DA:35,1
DA:42,0
DA:43,0
DA:44,0
DA:45,0
DA:46,0
DA:52,1
DA:54,2
DA:55,1
DA:57,1
DA:58,1
DA:59,1
DA:60,1
DA:62,1
DA:66,1
DA:68,1
DA:70,1
DA:71,1
DA:72,3
DA:83,1
DA:84,2
DA:85,0
DA:98,1
DA:101,1
DA:103,1
DA:109,1
DA:110,2
DA:121,1
DA:122,2
DA:123,1
DA:125,2
DA:126,2
DA:127,2
DA:193,1
DA:199,1
DA:200,1
DA:201,0
DA:202,0
DA:203,0
DA:207,2
DA:208,2
DA:209,2
DA:210,2
DA:212,1
DA:213,1
DA:214,2
DA:215,2
LF:49
LH:40
end_of_record
SF:lib/templates/cart_template.dart
DA:10,1
DA:16,1
DA:18,1
DA:19,1
DA:25,1
DA:26,1
DA:27,1
LF:7
LH:7
end_of_record
SF:lib/templates/contact_template.dart
DA:10,1
DA:12,1
DA:14,2
DA:15,1
DA:16,1
DA:22,1
DA:24,1
DA:26,1
DA:32,3
DA:33,1
DA:34,1
DA:36,1
DA:38,3
DA:39,1
DA:40,1
DA:42,1
LF:16
LH:16
end_of_record
SF:lib/templates/catalog_template.dart
DA:14,1
DA:16,1
DA:17,1
DA:24,0
DA:25,0
DA:26,0
DA:27,0
DA:28,0
DA:34,1
DA:36,1
DA:38,1
DA:39,1
DA:40,1
DA:41,2
DA:42,1
DA:44,1
DA:45,1
DA:46,1
DA:47,2
DA:48,1
DA:53,1
DA:54,1
LF:22
LH:17
end_of_record
SF:lib/templates/search_template.dart
DA:18,30
DA:27,1
DA:28,1
DA:37,1
DA:39,1
DA:40,4
DA:41,3
DA:44,1
DA:46,3
DA:47,2
DA:48,1
DA:51,1
DA:52,2
DA:53,3
DA:54,3
DA:56,5
DA:57,1
DA:58,1
DA:59,4
DA:60,1
DA:65,1
DA:67,1
DA:69,1
DA:70,1
DA:71,1
DA:72,1
DA:76,1
DA:81,1
DA:82,1
DA:83,1
DA:86,1
DA:87,1
DA:90,1
DA:91,0
DA:92,0
DA:93,0
DA:94,0
DA:95,0
DA:96,0
DA:102,1
DA:104,1
DA:105,2
DA:106,1
DA:107,2
DA:108,1
DA:111,1
DA:112,1
DA:113,1
DA:114,1
DA:115,0
DA:116,0
DA:117,0
DA:119,0
DA:120,0
DA:121,0
DA:131,1
DA:132,1
DA:133,0
DA:135,2
DA:136,2
DA:137,2
LF:61
LH:48
end_of_record
SF:lib/templates/support_template.dart
DA:12,1
DA:15,1
DA:17,2
DA:18,1
DA:19,1
DA:25,1
DA:27,1
DA:28,1
DA:30,1
DA:35,3
DA:40,3
DA:41,1
DA:43,1
DA:44,3
DA:45,1
DA:47,1
DA:49,3
DA:54,3
DA:55,1
DA:56,1
DA:60,3
DA:61,1
DA:62,1
DA:66,3
DA:67,1
DA:68,1
LF:26
LH:26
end_of_record
SF:lib/templates/detail_template.dart
DA:11,1
DA:13,1
DA:14,1
DA:20,1
DA:21,2
DA:22,2
DA:26,1
DA:27,2
DA:28,2
DA:29,2
DA:34,1
DA:36,2
DA:37,1
DA:39,1
DA:40,1
DA:41,1
DA:42,1
DA:43,3
DA:44,3
DA:46,3
DA:47,3
DA:49,1
DA:50,2
DA:52,1
DA:54,1
DA:55,1
DA:56,1
DA:59,1
DA:60,2
DA:63,1
DA:64,1
DA:69,1
DA:70,2
DA:72,1
DA:74,0
DA:75,0
DA:77,1
DA:78,6
DA:81,1
DA:82,2
LF:40
LH:38
end_of_record
SF:lib/pages/cart_page.dart
DA:6,0
DA:8,0
DA:10,0
DA:11,0
DA:16,0
DA:23,0
DA:25,0
LF:7
LH:0
end_of_record
SF:lib/pages/catalog_page.dart
DA:8,0
DA:10,0
DA:12,0
DA:13,0
DA:14,0
LF:5
LH:0
end_of_record
SF:lib/pages/contact_page.dart
DA:7,0
DA:9,0
DA:11,0
DA:12,0
DA:13,0
LF:5
LH:0
end_of_record
SF:lib/pages/detail_page.dart
DA:10,0
DA:12,0
DA:14,0
LF:3
LH:0
end_of_record
SF:lib/pages/home_page.dart
DA:10,0
DA:12,0
DA:14,0
DA:16,0
DA:17,0
LF:5
LH:0
end_of_record
SF:lib/pages/login_page.dart
DA:6,0
DA:8,0
DA:10,0
DA:11,0
DA:12,0
LF:5
LH:0
end_of_record
SF:lib/pages/register_page.dart
DA:6,0
DA:8,0
DA:10,0
DA:11,0
LF:4
LH:0
end_of_record
SF:lib/pages/search_page.dart
DA:14,0
DA:23,0
LF:2
LH:0
end_of_record
SF:lib/pages/support_page.dart
DA:10,0
DA:18,0
DA:20,0
DA:21,0
DA:22,0
DA:23,0
DA:24,0
LF:7
LH:0
end_of_record
SF:lib/organisms/bloc/category_bloc.dart
DA:15,0
DA:17,2
DA:19,4
DA:20,2
DA:25,5
DA:26,1
DA:28,1
DA:29,1
DA:30,5
DA:34,3
DA:35,1
DA:36,5
DA:42,3
DA:44,1
DA:45,2
DA:48,3
DA:49,4
DA:50,2
DA:51,3
DA:55,6
DA:58,1
DA:59,1
DA:60,1
DA:62,1
DA:63,4
DA:64,2
DA:65,4
DA:66,4
DA:67,1
DA:68,0
DA:69,0
DA:75,2
DA:76,1
DA:77,1
DA:81,1
DA:82,2
DA:83,4
DA:84,7
DA:85,5
DA:87,1
DA:89,1
DA:90,3
DA:92,1
DA:96,2
DA:98,6
DA:99,4
DA:100,4
DA:101,2
LF:48
LH:45
end_of_record
